[2022-06-18 21:20:35] START
[2022-06-18 21:20:45] CREATE db1.py: 0
[2022-06-18 21:21:04] EDIT final_crm/models/db1.py: 77
[2022-06-18 21:40:13] EDIT final_crm/controllers/default.py: 142
[2022-06-18 21:42:55] EDIT final_crm/controllers/default.py: 0
[2022-06-18 21:45:42] CREATE default/about.html: 0
[2022-06-18 21:46:01] EDIT final_crm/views/default/about.html: 68
[2022-06-18 21:46:34] CREATE default/company.html: 0
[2022-06-18 21:46:59] EDIT final_crm/views/default/company.html: -1
[2022-06-18 21:47:54] CREATE default/edit_event.html: 0
[2022-06-18 21:48:17] EDIT final_crm/views/default/edit_event.html: -1
[2022-06-18 21:48:57] CREATE default/event_type.html: 0
[2022-06-18 21:49:20] EDIT final_crm/views/default/event_type.html: -1
[2022-06-18 21:49:47] CREATE default/events.html: 0
[2022-06-18 21:50:09] EDIT final_crm/views/default/events.html: -1
[2022-06-18 21:50:32] EDIT final_crm/views/default/index.html: 155
[2022-06-18 21:51:03] CREATE default/locations.html: 0
[2022-06-18 21:51:23] EDIT final_crm/views/default/locations.html: -1
[2022-06-18 21:52:07] CREATE default/people.html: 0
[2022-06-18 21:52:35] EDIT final_crm/views/default/people.html: -1
[2022-06-18 21:53:07] CREATE default/people_type.html: 0
[2022-06-18 21:53:20] EDIT final_crm/views/default/people_type.html: -1
[2022-06-18 21:53:46] CREATE default/search.html: 0
[2022-06-18 21:54:04] EDIT final_crm/views/default/search.html: 258
[2022-06-18 21:54:32] CREATE default/states.html: 0
[2022-06-18 21:54:58] EDIT final_crm/views/default/states.html: -1
[2022-06-18 21:56:31] CREATE default/test_company.html: 0
[2022-06-18 21:56:51] EDIT final_crm/views/default/test_company.html: 301
[2022-06-18 21:57:39] CREATE default/test_event_type.html: 0
[2022-06-18 21:58:05] EDIT final_crm/views/default/test_event_type.html: 234
[2022-06-18 21:58:42] EDIT final_crm/views/layout.html: 4
[2022-06-18 22:00:04] CREATE css/aboutstyle.css: 0
[2022-06-18 22:00:40] CREATE css/style.css: 0
[2022-06-18 22:01:00] EDIT final_crm/static/css/aboutstyle.css: 109
[2022-06-18 22:01:25] EDIT final_crm/static/css/style.css: 60
[2022-06-18 22:07:00] EDIT final_crm/views/default/index.html: 0
[2022-06-18 22:07:43] EDIT final_crm/views/default/index.html: 0
[2022-06-18 22:09:00] EDIT final_crm/models/menu.py: -74
[2022-06-18 22:12:40] EDIT final_crm/views/default/index.html: 0
[2022-06-18 22:13:49] EDIT final_crm/models/menu.py: -1
[2022-06-18 22:20:19] EDIT final_crm/views/default/search.html: 6
[2022-06-18 22:20:43] EDIT final_crm/views/default/search.html: 0
[2022-06-19 22:04:56] EDIT final_crm/views/default/test_company.html: 163
[2022-06-19 22:09:56] EDIT final_crm/views/default/test_company.html: 0
[2022-06-20 09:58:55] EDIT final_crm/views/default/test_company.html: -466
[2022-06-20 10:45:06] EDIT final_crm/views/default/test_company.html: 9
[2022-06-20 10:51:03] EDIT final_crm/views/default/test_company.html: 9
[2022-06-20 10:51:40] EDIT final_crm/views/default/test_company.html: 0
[2022-06-20 10:54:14] EDIT final_crm/views/default/test_company.html: -2
[2022-06-20 10:54:30] EDIT final_crm/views/default/test_company.html: 2
[2022-06-20 10:56:11] EDIT final_crm/views/default/test_company.html: -7
[2022-06-20 10:56:26] EDIT final_crm/views/default/test_company.html: 3
[2022-06-20 10:57:03] EDIT final_crm/views/default/test_company.html: 0
[2022-06-20 10:57:25] EDIT final_crm/views/default/test_company.html: 0
[2022-06-20 10:57:53] EDIT final_crm/views/default/test_company.html: 0
[2022-06-20 10:58:57] EDIT final_crm/views/default/test_company.html: 4
[2022-06-20 10:59:29] EDIT final_crm/views/default/test_company.html: 0
[2022-06-20 10:59:54] EDIT final_crm/views/default/test_company.html: 0
[2022-06-20 11:01:36] EDIT final_crm/views/default/test_company.html: 1
[2022-06-20 11:05:38] EDIT final_crm/views/default/test_company.html: 0
[2022-06-20 11:07:43] EDIT final_crm/controllers/default.py: 1
[2022-06-20 11:09:35] EDIT final_crm/controllers/default.py: 0
[2022-06-20 11:24:07] EDIT final_crm/views/default/test_company.html: 0
[2022-06-20 11:24:08] EDIT final_crm/views/default/test_company.html: 0
[2022-06-20 11:25:35] EDIT final_crm/controllers/default.py: 3
[2022-06-20 11:25:37] EDIT final_crm/controllers/default.py: 0
[2022-06-20 11:26:52] EDIT final_crm/views/default/test_company.html: 0
[2022-06-20 11:27:07] EDIT final_crm/views/default/test_company.html: 0
[2022-06-20 11:27:07] EDIT final_crm/views/default/test_company.html: 0
[2022-06-20 11:28:24] EDIT final_crm/views/default/test_company.html: 0
[2022-06-20 11:28:56] EDIT final_crm/views/default/test_company.html: 0
[2022-06-20 11:30:19] EDIT final_crm/views/default/test_company.html: 0
[2022-06-20 11:30:51] EDIT final_crm/views/default/test_company.html: 0
[2022-06-20 11:31:31] EDIT final_crm/views/default/test_company.html: -10
[2022-06-20 11:33:10] EDIT final_crm/views/default/test_company.html: 10
[2022-06-20 11:35:42] EDIT final_crm/views/default/test_company.html: 0
[2022-06-20 11:37:01] EDIT final_crm/views/default/test_company.html: -5
[2022-06-20 11:37:34] EDIT final_crm/views/default/test_company.html: 0
[2022-06-20 11:39:09] EDIT final_crm/views/default/test_company.html: 0
[2022-06-20 11:39:32] EDIT final_crm/views/default/test_company.html: 0
[2022-06-20 11:39:58] EDIT final_crm/views/default/test_company.html: 0
[2022-06-20 11:40:03] EDIT final_crm/views/default/test_company.html: 0
[2022-06-20 11:40:47] EDIT final_crm/views/default/test_company.html: 5
[2022-06-20 11:42:15] EDIT final_crm/views/default/test_company.html: 0
[2022-06-20 21:37:54] CREATE default/list.html: 0
[2022-06-20 21:38:17] EDIT final_crm/views/default/list.html: 17
[2022-06-20 21:38:42] EDIT final_crm/controllers/default.py: -1
[2022-06-20 21:39:28] EDIT final_crm/views/default/list.html: 0
[2022-06-20 23:25:32] EDIT final_crm/views/default/list.html: -1
[2022-06-20 23:29:18] EDIT final_crm/views/default/list.html: 6
[2022-06-20 23:34:36] EDIT final_crm/views/default/list.html: 1
[2022-06-20 23:36:01] EDIT final_crm/views/default/list.html: 1
[2022-06-20 23:38:55] EDIT final_crm/views/default/list.html: 0
[2022-06-20 23:39:44] EDIT final_crm/views/default/list.html: 0
[2022-06-20 23:40:04] EDIT final_crm/views/default/list.html: 0
[2022-06-20 23:50:22] EDIT final_crm/views/default/list.html: 2
[2022-06-20 23:52:08] EDIT final_crm/views/default/list.html: 0
[2022-06-21 00:07:17] EDIT final_crm/views/default/list.html: 20
[2022-06-21 00:08:15] EDIT final_crm/views/default/list.html: 0
[2022-06-21 00:08:39] EDIT final_crm/views/default/list.html: 2
[2022-06-21 00:09:11] EDIT final_crm/views/default/list.html: 0
[2022-06-21 00:09:24] EDIT final_crm/views/default/list.html: 0
[2022-06-21 00:10:59] EDIT final_crm/views/default/list.html: 0
[2022-06-21 00:10:59] EDIT final_crm/views/default/list.html: 0
[2022-06-21 00:14:14] EDIT final_crm/controllers/default.py: -2
[2022-06-21 00:14:16] EDIT final_crm/controllers/default.py: 0
[2022-06-21 00:18:59] EDIT final_crm/views/default/list.html: 21
[2022-06-21 00:19:33] EDIT final_crm/views/default/list.html: 0
[2022-06-21 00:21:43] EDIT final_crm/views/default/list.html: 7
[2022-06-21 09:31:28] EDIT final_crm/views/default/list.html: 0
[2022-06-21 09:33:08] EDIT final_crm/views/default/list.html: 0
[2022-06-21 09:34:16] EDIT final_crm/views/default/list.html: 0
[2022-06-21 09:47:11] EDIT final_crm/views/default/list.html: 0
[2022-06-21 09:49:01] EDIT final_crm/views/default/list.html: 0
[2022-06-21 09:49:26] EDIT final_crm/views/default/list.html: 0
[2022-06-21 09:50:18] EDIT final_crm/views/default/list.html: 0
[2022-06-21 09:50:41] EDIT final_crm/views/default/list.html: 0
[2022-06-21 10:03:50] EDIT final_crm/controllers/default.py: 25
[2022-06-21 10:05:39] EDIT final_crm/controllers/default.py: 0
[2022-06-21 10:08:20] EDIT final_crm/controllers/default.py: 0
[2022-06-21 10:10:58] EDIT final_crm/controllers/default.py: 2
[2022-06-21 10:20:52] EDIT final_crm/views/default/list.html: 44
[2022-06-21 10:20:53] EDIT final_crm/views/default/list.html: 0
[2022-06-21 10:22:17] EDIT final_crm/controllers/default.py: 2
[2022-06-21 10:25:08] EDIT final_crm/controllers/default.py: 0
[2022-06-21 10:25:23] EDIT final_crm/controllers/default.py: 0
[2022-06-21 10:27:01] EDIT final_crm/controllers/default.py: 3
[2022-06-21 10:28:35] EDIT final_crm/controllers/default.py: 1
[2022-06-21 10:29:54] EDIT final_crm/controllers/default.py: 3
[2022-06-21 10:30:44] EDIT final_crm/controllers/default.py: 0
[2022-06-21 10:34:40] EDIT final_crm/views/default/list.html: 0
[2022-06-21 10:40:08] EDIT final_crm/views/default/list.html: 0
[2022-06-21 10:41:02] EDIT final_crm/views/default/list.html: 0
[2022-06-21 10:41:32] EDIT final_crm/views/default/list.html: 0
[2022-06-21 10:41:53] EDIT final_crm/views/default/list.html: 0
[2022-06-21 10:43:55] EDIT final_crm/views/default/list.html: 0
[2022-06-21 10:46:08] EDIT final_crm/views/default/list.html: -2
[2022-06-21 10:48:14] EDIT final_crm/views/default/list.html: 1
[2022-06-21 10:51:14] EDIT final_crm/controllers/default.py: 0
[2022-06-21 10:51:38] EDIT final_crm/controllers/default.py: 0
[2022-06-21 10:51:51] EDIT final_crm/controllers/default.py: 0
[2022-06-21 10:53:45] EDIT final_crm/views/default/list.html: 0
[2022-06-21 10:54:26] EDIT final_crm/views/default/list.html: 0
[2022-06-21 10:55:47] EDIT final_crm/views/default/list.html: 43
[2022-06-21 10:56:40] EDIT final_crm/views/default/list.html: 1
[2022-06-21 11:01:57] EDIT final_crm/views/default/list.html: 7
[2022-06-21 11:03:25] EDIT final_crm/views/default/list.html: 0
[2022-06-21 11:04:25] EDIT final_crm/views/default/list.html: 0
[2022-06-21 11:04:25] EDIT final_crm/views/default/list.html: 0
[2022-06-21 12:44:57] EDIT final_crm/views/default/list.html: 0
[2022-06-21 12:46:37] EDIT final_crm/static/css/style.css: 4
[2022-06-21 12:46:43] EDIT final_crm/views/default/list.html: 0
[2022-06-21 12:47:14] EDIT final_crm/views/default/list.html: 0
[2022-06-21 12:47:14] EDIT final_crm/views/default/list.html: 0
[2022-06-21 12:47:43] EDIT final_crm/static/css/style.css: 3
[2022-06-21 12:49:12] EDIT final_crm/views/default/list.html: 0
[2022-06-21 12:49:44] EDIT final_crm/static/css/style.css: 3
[2022-06-21 12:50:39] EDIT final_crm/views/default/list.html: 0
[2022-06-21 12:51:58] EDIT final_crm/views/default/list.html: 0
[2022-06-21 12:54:23] EDIT final_crm/static/css/style.css: 3
[2022-06-21 12:56:19] EDIT final_crm/static/css/style.css: -3
[2022-06-21 12:57:46] EDIT final_crm/static/css/style.css: 3
[2022-06-21 12:58:20] EDIT final_crm/static/css/style.css: 0
[2022-06-21 12:59:28] EDIT final_crm/static/css/style.css: 0
[2022-06-21 13:00:17] EDIT final_crm/views/default/list.html: 0
[2022-06-21 13:02:37] EDIT final_crm/static/css/style.css: 0
[2022-06-21 13:02:58] EDIT final_crm/static/css/style.css: 0
[2022-06-21 13:03:11] EDIT final_crm/static/css/style.css: 0
[2022-06-21 13:03:40] EDIT final_crm/static/css/style.css: 0
[2022-06-21 13:04:01] EDIT final_crm/static/css/style.css: -1
[2022-06-21 13:04:10] EDIT final_crm/views/default/list.html: 0
[2022-06-21 13:04:10] EDIT final_crm/views/default/list.html: 0
[2022-06-21 13:05:28] EDIT final_crm/views/default/list.html: -2
[2022-06-21 13:05:54] EDIT final_crm/views/default/list.html: 0
[2022-06-21 13:08:27] EDIT final_crm/views/default/list.html: -1
[2022-06-21 13:09:17] EDIT final_crm/views/default/list.html: 1
[2022-06-21 13:09:19] EDIT final_crm/views/default/list.html: 0
[2022-06-21 13:30:59] EDIT final_crm/controllers/default.py: 1
[2022-06-21 13:33:45] EDIT final_crm/controllers/default.py: 0
[2022-06-21 13:34:05] EDIT final_crm/controllers/default.py: 0
[2022-06-21 13:34:19] EDIT final_crm/controllers/default.py: 0
[2022-06-21 13:35:54] EDIT final_crm/controllers/default.py: 0
[2022-06-21 13:38:52] EDIT final_crm/controllers/default.py: 0
[2022-06-21 13:40:18] EDIT final_crm/controllers/default.py: 0
[2022-06-21 13:40:48] EDIT final_crm/controllers/default.py: 0
[2022-06-21 13:42:11] EDIT final_crm/views/default/list.html: -1
[2022-06-21 13:42:26] EDIT final_crm/views/default/list.html: 1
[2022-06-21 13:42:27] EDIT final_crm/views/default/list.html: 0
[2022-06-21 13:43:19] EDIT final_crm/controllers/default.py: 1
[2022-06-21 13:44:40] EDIT final_crm/controllers/default.py: 0
[2022-06-21 13:45:38] EDIT final_crm/controllers/default.py: -2
[2022-06-21 13:45:56] EDIT final_crm/controllers/default.py: 0
[2022-06-21 13:47:11] EDIT final_crm/views/default/list.html: 1
[2022-06-21 13:48:06] EDIT final_crm/views/default/list.html: -1
[2022-06-21 13:48:34] EDIT final_crm/controllers/default.py: 0
[2022-06-21 13:49:00] EDIT final_crm/views/default/list.html: 0
[2022-06-21 13:50:14] EDIT final_crm/controllers/default.py: 0
[2022-06-21 13:52:43] EDIT final_crm/views/default/list.html: 0
[2022-06-21 13:53:27] EDIT final_crm/static/css/style.css: 0
[2022-06-21 13:53:45] EDIT final_crm/static/css/style.css: 0
[2022-06-21 13:54:03] EDIT final_crm/views/default/list.html: 0
[2022-06-21 14:00:53] EDIT final_crm/views/default/list.html: 29
[2022-06-21 14:02:21] EDIT final_crm/views/default/list.html: 0
[2022-06-21 14:06:20] EDIT final_crm/views/default/list.html: 0
[2022-06-21 14:07:57] EDIT final_crm/views/default/list.html: 2
[2022-06-21 14:08:16] EDIT final_crm/controllers/default.py: 1
[2022-06-21 14:09:01] EDIT final_crm/controllers/default.py: 5
[2022-06-21 20:01:59] CREATE search2.html: 0
[2022-06-21 20:02:07] DELETE final_crm/views/search2.html: -3
[2022-06-21 20:02:21] CREATE default/search2.html: 0
[2022-06-21 20:02:54] EDIT final_crm/views/default/search2.html: 70
[2022-06-21 20:02:55] EDIT final_crm/views/default/search2.html: 0
[2022-06-21 20:03:49] EDIT final_crm/controllers/default.py: 4
[2022-06-21 20:03:51] EDIT final_crm/controllers/default.py: 0
[2022-06-21 20:13:14] EDIT final_crm/views/default/search2.html: 0
[2022-06-21 20:13:15] EDIT final_crm/views/default/search2.html: 0
[2022-06-21 20:14:07] EDIT final_crm/views/default/search2.html: 0
[2022-06-21 20:14:23] EDIT final_crm/views/default/search2.html: 0
[2022-06-21 20:14:23] EDIT final_crm/views/default/search2.html: 0
[2022-06-21 20:15:30] EDIT final_crm/views/default/search2.html: 0
[2022-06-21 20:16:24] EDIT final_crm/controllers/default.py: 0
[2022-06-21 20:18:15] EDIT final_crm/views/default/search2.html: 0
[2022-06-21 20:18:15] EDIT final_crm/views/default/search2.html: 0
[2022-06-21 20:18:36] EDIT final_crm/views/layout.html: 0
[2022-06-21 20:19:30] EDIT final_crm/views/default/search2.html: 0
[2022-06-21 20:20:28] EDIT final_crm/views/default/search2.html: 0
[2022-06-21 20:21:09] EDIT final_crm/views/default/search2.html: 0
[2022-06-21 20:21:10] EDIT final_crm/views/default/search2.html: 0
[2022-06-21 23:13:05] EDIT final_crm/views/default/search2.html: 0
[2022-06-21 23:13:52] EDIT final_crm/views/default/search2.html: 0
[2022-06-21 23:14:27] EDIT final_crm/views/default/search2.html: 0
[2022-06-21 23:14:42] EDIT final_crm/views/default/search2.html: 0
[2022-06-21 23:14:59] EDIT final_crm/views/default/search2.html: 0
[2022-06-21 23:15:45] EDIT final_crm/views/default/search2.html: 0
[2022-06-21 23:16:04] EDIT final_crm/views/default/search2.html: 0
[2022-06-21 23:17:24] EDIT final_crm/views/default/search2.html: 0
[2022-06-22 13:29:40] EDIT final_crm/views/default/index.html: 2
[2022-06-22 13:31:48] EDIT final_crm/views/default/index.html: 0
[2022-06-22 13:31:48] EDIT final_crm/views/default/index.html: 0
[2022-06-22 13:33:22] EDIT final_crm/views/default/index.html: 0
[2022-06-22 13:33:22] EDIT final_crm/views/default/index.html: 0
[2022-06-23 13:24:56] EDIT final_crm/views/default/search.html: 10
[2022-06-23 13:27:37] EDIT final_crm/views/layout.html: 0
[2022-06-23 13:27:37] EDIT final_crm/views/layout.html: 0
[2022-06-23 13:28:09] EDIT final_crm/views/default/search.html: -10
[2022-06-23 13:30:37] EDIT final_crm/views/default/search.html: 4
[2022-06-23 13:31:17] EDIT final_crm/views/default/search.html: 3
[2022-06-23 13:31:40] EDIT final_crm/views/default/search.html: 0
[2022-06-23 13:31:52] EDIT final_crm/views/default/search.html: 0
[2022-06-23 13:32:24] EDIT final_crm/views/default/search.html: 0
[2022-06-23 13:32:56] EDIT final_crm/views/default/search.html: 0
[2022-06-23 13:33:37] EDIT final_crm/views/default/search.html: 3
[2022-06-23 13:33:38] EDIT final_crm/views/default/search.html: 0
[2022-06-23 13:34:26] EDIT final_crm/views/default/search.html: 0
[2022-06-23 13:39:46] EDIT final_crm/views/default/search.html: 0
[2022-06-23 13:44:40] EDIT final_crm/views/default/search.html: 0
[2022-06-23 13:47:00] EDIT final_crm/views/default/search2.html: 54
[2022-06-23 13:47:21] EDIT final_crm/views/default/search2.html: 0
[2022-06-23 13:48:49] EDIT final_crm/views/default/search2.html: -2
[2022-06-23 13:49:17] EDIT final_crm/views/default/search2.html: 2
[2022-06-23 13:51:05] EDIT final_crm/views/default/search2.html: 1
[2022-06-23 13:54:05] EDIT final_crm/controllers/default.py: 0
[2022-06-23 13:54:54] EDIT final_crm/views/default/search2.html: -2
[2022-06-23 13:54:54] EDIT final_crm/views/default/search2.html: 0
[2022-06-23 13:58:16] EDIT final_crm/controllers/default.py: 4
[2022-06-23 13:58:28] EDIT final_crm/controllers/default.py: 0
[2022-06-23 13:58:44] EDIT final_crm/views/default/search.html: 0
[2022-06-23 14:01:20] EDIT final_crm/views/default/search.html: 0
[2022-06-23 14:03:19] EDIT final_crm/controllers/default.py: 4
[2022-06-23 14:04:29] EDIT final_crm/controllers/default.py: 0
[2022-06-23 14:04:30] EDIT final_crm/controllers/default.py: 0
[2022-06-23 14:05:09] EDIT final_crm/controllers/default.py: 0
[2022-06-23 14:05:11] EDIT final_crm/controllers/default.py: 0
[2022-06-23 14:05:35] EDIT final_crm/views/default/search2.html: 2
[2022-06-23 14:05:36] EDIT final_crm/views/default/search2.html: 0
[2022-06-23 14:06:00] CREATE default/search3.html: 0
[2022-06-23 14:06:40] EDIT final_crm/views/default/search3.html: 68
[2022-06-23 14:06:58] EDIT final_crm/views/default/search3.html: 0
[2022-06-23 14:07:26] EDIT final_crm/views/default/search2.html: 0
[2022-06-23 14:07:43] EDIT final_crm/views/default/search3.html: 0
[2022-06-23 14:09:07] EDIT final_crm/views/default/search.html: 0
[2022-06-23 14:10:54] EDIT final_crm/views/default/search.html: 1
[2022-06-23 14:12:38] EDIT final_crm/views/default/search.html: 0
[2022-06-23 14:12:58] EDIT final_crm/views/default/search.html: 0
[2022-06-23 14:15:28] EDIT final_crm/views/default/search.html: 0
[2022-06-23 14:15:58] EDIT final_crm/views/default/search.html: 0
[2022-06-23 14:16:41] EDIT final_crm/controllers/default.py: 0
[2022-06-23 14:16:41] EDIT final_crm/controllers/default.py: 0
[2022-06-23 14:18:09] EDIT final_crm/views/default/search.html: 0
[2022-06-23 14:18:34] EDIT final_crm/views/default/search.html: 0
[2022-06-23 14:19:42] EDIT final_crm/views/default/search.html: 0
[2022-06-23 14:20:15] EDIT final_crm/views/default/search.html: 0
[2022-06-23 14:20:33] EDIT final_crm/views/default/search.html: 0
[2022-06-23 14:22:12] EDIT final_crm/views/default/search.html: -126
[2022-06-23 14:28:19] EDIT final_crm/views/default/index.html: -7
[2022-06-23 14:28:31] EDIT final_crm/views/default/index.html: 0
[2022-06-23 14:28:32] EDIT final_crm/views/default/index.html: 0
[2022-06-23 14:32:47] EDIT final_crm/views/default/search2.html: 1
[2022-06-23 14:34:32] EDIT final_crm/views/default/search2.html: 4
[2022-06-23 14:34:33] EDIT final_crm/views/default/search2.html: 0
[2022-06-23 14:35:03] EDIT final_crm/views/default/search2.html: 1
[2022-06-23 14:35:49] EDIT final_crm/views/default/search2.html: -1
[2022-06-23 14:36:12] EDIT final_crm/views/default/search2.html: 1
[2022-06-23 14:36:33] EDIT final_crm/views/default/search2.html: 1
[2022-06-23 14:38:36] EDIT final_crm/views/default/search2.html: 0
[2022-06-23 14:40:03] EDIT final_crm/views/default/search2.html: -2
[2022-06-23 14:40:36] EDIT final_crm/views/default/search2.html: 0
[2022-06-23 14:42:36] EDIT final_crm/views/default/search2.html: -67
[2022-06-23 14:42:37] EDIT final_crm/views/default/search2.html: 0
[2022-06-23 14:42:53] EDIT final_crm/views/default/search2.html: 0
[2022-06-23 14:44:10] EDIT final_crm/views/default/search2.html: 4
[2022-06-23 16:36:02] EDIT final_crm/views/default/search2.html: 0
[2022-06-23 16:36:02] EDIT final_crm/views/default/search2.html: 0
[2022-06-23 16:39:11] EDIT final_crm/views/default/search2.html: 0
[2022-06-23 16:39:13] EDIT final_crm/views/default/search2.html: 0
[2022-06-23 16:39:34] EDIT final_crm/controllers/default.py: 1
[2022-06-23 16:40:23] EDIT final_crm/views/default/search2.html: 3
[2022-06-23 16:41:44] EDIT final_crm/views/default/search.html: -1
[2022-06-23 16:42:24] EDIT final_crm/views/default/search2.html: 0
[2022-06-23 16:42:29] EDIT final_crm/views/default/search2.html: 0
[2022-06-23 16:44:22] EDIT final_crm/controllers/default.py: 0
[2022-06-23 16:45:31] EDIT final_crm/controllers/default.py: 0
[2022-06-23 16:48:12] EDIT final_crm/views/default/search2.html: -3
[2022-06-23 16:48:43] EDIT final_crm/views/default/search2.html: 0
[2022-06-23 16:50:24] EDIT final_crm/views/default/search2.html: 0
[2022-06-23 16:51:28] EDIT final_crm/views/default/search2.html: 0
[2022-06-23 16:52:56] EDIT final_crm/views/default/search2.html: 0
[2022-06-23 16:53:21] EDIT final_crm/views/default/search2.html: 0
[2022-06-23 16:53:39] EDIT final_crm/views/default/search2.html: 0
[2022-06-23 16:53:40] EDIT final_crm/views/default/search2.html: 0
[2022-06-23 16:55:32] EDIT final_crm/views/default/search2.html: 0
[2022-06-23 17:05:04] EDIT final_crm/views/default/search2.html: 0
[2022-06-23 17:05:05] EDIT final_crm/views/default/search2.html: 0
[2022-06-23 17:11:47] EDIT final_crm/views/default/search2.html: 0
[2022-06-23 17:13:24] EDIT final_crm/views/default/search2.html: 0
[2022-06-23 17:14:40] EDIT final_crm/views/default/search2.html: -4
[2022-06-23 17:15:21] EDIT final_crm/views/default/search2.html: 0
[2022-06-23 17:16:44] EDIT final_crm/views/default/search2.html: 0
[2022-06-23 17:17:06] EDIT final_crm/views/default/search2.html: 0
[2022-06-23 17:19:03] EDIT final_crm/views/default/search2.html: 0
[2022-06-23 17:19:49] EDIT final_crm/views/default/search2.html: 0
[2022-06-23 17:20:00] EDIT final_crm/views/default/search3.html: 7
[2022-06-23 17:20:02] EDIT final_crm/views/default/search2.html: 0
[2022-06-23 17:20:41] EDIT final_crm/controllers/default.py: 1
[2022-06-23 17:21:32] EDIT final_crm/views/default/search2.html: 0
[2022-06-23 17:22:03] EDIT final_crm/views/default/search3.html: 0
[2022-06-23 17:23:04] EDIT final_crm/views/default/search3.html: 0
[2022-06-23 17:23:07] EDIT final_crm/views/default/search2.html: 0
[2022-06-23 17:23:09] EDIT final_crm/controllers/default.py: 0
[2022-06-23 17:23:11] EDIT final_crm/views/default/search.html: 0
[2022-06-23 17:23:12] EDIT final_crm/views/default/search.html: 0
[2022-06-23 17:24:33] EDIT final_crm/views/default/search3.html: 0
[2022-06-23 17:24:34] EDIT final_crm/views/default/search3.html: 0
[2022-06-23 17:24:52] EDIT final_crm/views/default/search3.html: 0
[2022-06-23 17:25:09] EDIT final_crm/views/default/search3.html: 0
[2022-06-23 17:26:20] EDIT final_crm/views/default/search2.html: 0
[2022-06-23 17:33:41] DELETE final_crm/views/default/search2.html.1: -70
[2022-06-23 18:47:56] EDIT final_crm/views/default/about.html: -2
[2022-06-23 18:53:27] EDIT final_crm/views/default/about.html: -7
[2022-06-23 18:54:18] EDIT final_crm/views/default/about.html: 0
[2022-06-23 18:54:34] EDIT final_crm/views/default/about.html: 0
[2022-06-23 18:55:33] EDIT final_crm/views/default/about.html: 0
[2022-06-23 18:58:18] EDIT final_crm/views/default/about.html: 0
[2022-06-23 19:00:09] EDIT final_crm/static/css/aboutstyle.css: 37
[2022-06-23 19:00:17] EDIT final_crm/static/css/aboutstyle.css: 0
[2022-06-23 19:15:42] EDIT final_crm/views/default/about.html: -7
[2022-06-23 19:20:51] EDIT final_crm/views/default/about.html: 0
[2022-06-23 19:26:02] EDIT final_crm/views/default/about.html: -4
[2022-06-23 19:30:30] EDIT final_crm/controllers/default.py: -5
[2022-06-23 19:32:30] EDIT final_crm/static/css/style.css: 4
[2022-06-23 19:32:50] EDIT final_crm/views/default/search.html: 0
[2022-06-23 19:33:05] EDIT final_crm/views/default/search2.html: 0
[2022-06-23 19:33:21] EDIT final_crm/views/default/search3.html: 78
[2022-06-23 19:39:42] EDIT final_crm/views/default/search3.html: -78
[2022-06-23 19:51:20] EDIT final_crm/views/default/index.html: 0
[2022-06-25 21:56:01] EDIT final_crm/views/layout.html: 0
[2022-06-25 21:57:14] EDIT final_crm/views/layout.html: 0
[2022-06-26 01:12:46] EDIT final_crm/views/layout.html: 0
[2022-06-26 01:12:47] EDIT final_crm/views/layout.html: 0
[2022-06-26 01:13:39] EDIT final_crm/views/layout.html: 0
[2022-06-26 01:14:03] EDIT final_crm/views/layout.html: 0
[2022-06-26 01:14:37] EDIT final_crm/views/layout.html: 0
[2022-06-26 01:16:27] EDIT final_crm/views/layout.html: 0
[2022-06-26 01:17:06] EDIT final_crm/views/layout.html: 0
[2022-06-26 01:44:42] EDIT final_crm/views/layout.html: 0
[2022-06-26 01:45:20] EDIT final_crm/views/layout.html: 0
[2022-06-26 18:09:44] EDIT final_crm/views/default/index.html: 0
[2022-06-26 18:10:28] EDIT final_crm/views/default/index.html: 0
[2022-06-26 18:13:43] EDIT final_crm/views/default/index.html: 2
[2022-06-26 18:14:22] EDIT final_crm/views/default/index.html: 0
[2022-06-26 18:17:42] EDIT final_crm/views/default/search.html: 4
[2022-06-26 18:18:33] EDIT final_crm/views/default/search.html: 0
[2022-06-26 18:18:42] EDIT final_crm/views/default/search.html: 0
[2022-06-26 18:20:29] EDIT final_crm/views/default/search.html: 0
[2022-06-26 18:22:49] EDIT final_crm/views/default/search2.html: 17
[2022-06-26 18:26:12] EDIT final_crm/views/default/search2.html: 0
[2022-06-26 18:35:11] EDIT final_crm/views/default/search2.html: 4
[2022-06-26 18:35:40] EDIT final_crm/views/default/search.html: 1
[2022-06-26 18:35:59] EDIT final_crm/views/default/index.html: 1
[2022-06-26 18:37:45] EDIT final_crm/views/default/index.html: 3
[2022-06-26 18:42:06] EDIT final_crm/views/default/index.html: 0
[2022-06-26 19:21:24] EDIT final_crm/views/default/about.html: 0
[2022-06-26 19:22:36] EDIT final_crm/views/layout.html: 0
[2022-06-26 19:57:07] EDIT final_crm/views/default/index.html: 4
[2022-06-26 19:57:35] EDIT final_crm/views/default/search.html: 0
[2022-06-26 19:57:40] EDIT final_crm/views/default/index.html: 0
[2022-06-26 19:58:02] EDIT final_crm/views/default/search2.html: 0
[2022-06-26 19:58:20] EDIT final_crm/views/default/search3.html: 0
[2022-06-26 20:10:07] EDIT final_crm/controllers/default.py: 0
[2022-06-27 12:00:04] EDIT final_crm/static/css/aboutstyle.css: 0
[2022-06-27 12:11:01] EDIT final_crm/views/default/index.html: -14
[2022-06-27 12:21:33] EDIT final_crm/views/default/index.html: 16
[2022-06-27 13:49:35] EDIT final_crm/views/web2py_ajax.html: 1
[2022-06-27 13:51:07] EDIT final_crm/views/web2py_ajax.html: -1
[2022-06-27 13:52:55] EDIT final_crm/views/default/about.html: -1
[2022-06-27 13:53:09] EDIT final_crm/views/layout.html: 1
[2022-06-27 13:53:53] EDIT final_crm/views/layout.html: 0
[2022-06-27 13:54:37] EDIT final_crm/views/layout.html: -1
[2022-06-27 13:54:42] EDIT final_crm/views/default/about.html: 1
[2022-06-27 13:54:43] EDIT final_crm/views/default/about.html: 0
[2022-06-27 13:55:45] EDIT final_crm/views/default/about.html: 0
[2022-06-27 19:19:15] EDIT cddeX/views/default/about.html: 0
[2022-06-27 19:19:31] EDIT cddeX/views/default/about.html: 0
[2022-06-27 19:20:02] EDIT cddeX/views/default/about.html: 0
[2022-08-08 12:13:34] EDIT cddeX/controllers/default.py: 0
